<?xml version="1.0" encoding="utf-8"?><testsuites name="pytest tests"><testsuite name="pytest" errors="0" failures="0" skipped="0" tests="35" time="4.344" timestamp="2026-05-24T11:37:07.327969+00:00" hostname="agent-env-231053b7-b4bd-4d2f-ac20-7c405e3eb9a8"><testcase classname="backend.tests.backend_test.TestAuth" name="test_login_success" time="0.364" /><testcase classname="backend.tests.backend_test.TestAuth" name="test_login_invalid" time="0.323" /><testcase classname="backend.tests.backend_test.TestAuth" name="test_me_with_cookie" time="0.369" /><testcase classname="backend.tests.backend_test.TestAuth" name="test_me_unauthenticated" time="0.116" /><testcase classname="backend.tests.backend_test.TestAuth" name="test_register_worker" time="0.322" /><testcase classname="backend.tests.backend_test.TestAuth" name="test_register_duplicate" time="0.098" /><testcase classname="backend.tests.backend_test.TestAuth" name="test_logout" time="0.365" /><testcase classname="backend.tests.backend_test.TestAuth" name="test_bcrypt_hash_format" time="0.339" /><testcase classname="backend.tests.backend_test.TestProducts" name="test_create_product_admin" time="0.048" /><testcase classname="backend.tests.backend_test.TestProducts" name="test_create_product_worker_forbidden" time="0.374" /><testcase classname="backend.tests.backend_test.TestProducts" name="test_duplicate_sku" time="0.146" /><testcase classname="backend.tests.backend_test.TestProducts" name="test_list_products" time="0.046" /><testcase classname="backend.tests.backend_test.TestProducts" name="test_update_product" time="0.140" /><testcase classname="backend.tests.backend_test.TestProducts" name="test_update_product_worker_forbidden" time="0.048" /><testcase classname="backend.tests.backend_test.TestProducts" name="test_delete_product_worker_forbidden" time="0.048" /><testcase classname="backend.tests.backend_test.TestProducts" name="test_delete_product_admin" time="0.093" /><testcase classname="backend.tests.backend_test.TestLocations" name="test_create_location_admin" time="0.044" /><testcase classname="backend.tests.backend_test.TestLocations" name="test_create_location_worker_forbidden" time="0.043" /><testcase classname="backend.tests.backend_test.TestLocations" name="test_list_locations" time="0.044" /><testcase classname="backend.tests.backend_test.TestLocations" name="test_update_location" time="0.091" /><testcase classname="backend.tests.backend_test.TestLocations" name="test_delete_location" time="0.090" /><testcase classname="backend.tests.backend_test.TestStockLedger" name="test_create_transaction_admin" time="0.052" /><testcase classname="backend.tests.backend_test.TestStockLedger" name="test_create_transaction_worker_allowed" time="0.049" /><testcase classname="backend.tests.backend_test.TestStockLedger" name="test_current_stock_calculated_from_ledger" time="0.051" /><testcase classname="backend.tests.backend_test.TestStockLedger" name="test_get_ledger_history" time="0.046" /><testcase classname="backend.tests.backend_test.TestStockLedger" name="test_get_product_ledger" time="0.046" /><testcase classname="backend.tests.backend_test.TestStockLedger" name="test_ledger_immutable_no_update_endpoint" time="0.044" /><testcase classname="backend.tests.backend_test.TestStockLedger" name="test_transaction_invalid_product" time="0.047" /><testcase classname="backend.tests.backend_test.TestDashboard" name="test_stats" time="0.048" /><testcase classname="backend.tests.backend_test.TestDashboard" name="test_low_stock_alerts" time="0.111" /><testcase classname="backend.tests.backend_test.TestSync" name="test_sync_push" time="0.047" /><testcase classname="backend.tests.backend_test.TestSync" name="test_sync_pull" time="0.046" /><testcase classname="backend.tests.backend_test.TestRBAC" name="test_worker_cannot_create_product" time="0.042" /><testcase classname="backend.tests.backend_test.TestRBAC" name="test_worker_cannot_create_location" time="0.043" /><testcase classname="backend.tests.backend_test.TestRBAC" name="test_worker_can_read_products" time="0.045" /></testsuite></testsuites>